#
# There is insufficient memory for the Java Runtime Environment to continue.
# Native memory allocation (malloc) failed to allocate 150672 bytes for Chunk::new
# Possible reasons:
#   The system is out of physical RAM or swap space
#   The process is running with CompressedOops enabled, and the Java Heap may be blocking the growth of the native heap
# Possible solutions:
#   Reduce memory load on the system
#   Increase physical memory or swap space
#   Check if swap backing store is full
#   Decrease Java heap size (-Xmx/-Xms)
#   Decrease number of Java threads
#   Decrease Java thread stack sizes (-Xss)
#   Set larger code cache with -XX:ReservedCodeCacheSize=
#   JVM is running with Unscaled Compressed Oops mode in which the Java heap is
#     placed in the first 4GB address space. The Java Heap base address is the
#     maximum limit for the native heap growth. Please use -XX:HeapBaseMinAddress
#     to set the Java Heap base and to place the Java Heap above 4GB virtual address.
# This output file may be truncated or incomplete.
#
#  Out of Memory Error (arena.cpp:189), pid=16492, tid=12620
#
# JRE version: Java(TM) SE Runtime Environment (17.0.11+7) (build 17.0.11+7-LTS-207)
# Java VM: Java HotSpot(TM) 64-Bit Server VM (17.0.11+7-LTS-207, mixed mode, sharing, tiered, compressed oops, compressed class ptrs, g1 gc, windows-amd64)
# No core dump will be written. Minidumps are not enabled by default on client versions of Windows
#

---------------  S U M M A R Y ------------

Command Line: -ea -Dfile.encoding=UTF-8 -Dstdout.encoding=UTF-8 -Dstderr.encoding=UTF-8 -XX:+ShowCodeDetailsInExceptionMessages org.testng.remote.RemoteTestNG -serport 51480 -protocol json -d D:\AutomationTesting\ComcastCRMGUIFramework\test-output D:\AutomationTesting\ComcastCRMGUIFramework\parallelcross.xml

Host: 12th Gen Intel(R) Core(TM) i5-1235U, 12 cores, 7G,  Windows 11 , 64 bit Build 26100 (10.0.26100.7705)
Time: Mon Feb 16 11:22:40 2026 India Standard Time elapsed time: 30.201315 seconds (0d 0h 0m 30s)

---------------  T H R E A D  ---------------

Current thread (0x0000027f00bc1110):  JavaThread "C2 CompilerThread0" daemon [_thread_in_native, id=12620, stack(0x000000a089d00000,0x000000a089e00000)]


Current CompileTask:
C2:  30201 2622       4       java.util.HashMap::putVal (300 bytes)

Stack: [0x000000a089d00000,0x000000a089e00000]
Native frames: (J=compiled Java code, j=interpreted, Vv=VM code, C=native code)
V  [jvm.dll+0x679cca]
V  [jvm.dll+0x7da13d]
V  [jvm.dll+0x7dba83]
V  [jvm.dll+0x7dc0f3]
V  [jvm.dll+0x2449af]
V  [jvm.dll+0xab83b]
V  [jvm.dll+0xabe1c]
V  [jvm.dll+0x3615ae]
V  [jvm.dll+0x32bd61]
V  [jvm.dll+0x32b1fa]
V  [jvm.dll+0x2161df]
V  [jvm.dll+0x21560f]
V  [jvm.dll+0x1a2040]
V  [jvm.dll+0x225a2b]
V  [jvm.dll+0x223bcb]
V  [jvm.dll+0x7903ec]
V  [jvm.dll+0x78a85a]
V  [jvm.dll+0x678bb5]
C  [ucrtbase.dll+0x37b0]
C  [KERNEL32.DLL+0x2e8d7]
C  [ntdll.dll+0x8c40c]


---------------  P R O C E S S  ---------------

Threads class SMR info:
_java_thread_list=0x0000027f00f5a4b0, length=55, elements={
0x0000027f625ea3f0, 0x0000027f004ec270, 0x0000027f004ecb40, 0x0000027f00503640,
0x0000027f00503f10, 0x0000027f005047e0, 0x0000027f005070d0, 0x0000027f00bc1110,
0x0000027f0052a9d0, 0x0000027f00bc2220, 0x0000027f00cfbfa0, 0x0000027f00d108d0,
0x0000027f467d6b60, 0x0000027f469c08b0, 0x0000027f00faaf80, 0x0000027f00fab460,
0x0000027f00fab940, 0x0000027f46148020, 0x0000027f47e71a00, 0x0000027f47e700b0,
0x0000027f47e71f10, 0x0000027f47e705c0, 0x0000027f47e714f0, 0x0000027f47e70fe0,
0x0000027f47e73350, 0x0000027f471f68e0, 0x0000027f471f7300, 0x0000027f471f63d0,
0x0000027f471f7810, 0x0000027f471f4f90, 0x0000027f471f6df0, 0x0000027f471f4060,
0x0000027f471f7d20, 0x0000027f471f4570, 0x0000027f471f59b0, 0x0000027f471f4a80,
0x0000027f471f5ec0, 0x0000027f471f8c50, 0x0000027f471faab0, 0x0000027f471fb4d0,
0x0000027f471f8230, 0x0000027f471f9160, 0x0000027f471fafc0, 0x0000027f471f9670,
0x0000027f471fb9e0, 0x0000027f471f9b80, 0x0000027f471fa5a0, 0x0000027f47e70ad0,
0x0000027f47e72420, 0x0000027f47e72930, 0x0000027f47e72e40, 0x0000027f46279050,
0x0000027f4627a490, 0x0000027f46279f80, 0x0000027f00527a00
}

Java Threads: ( => current thread )
  0x0000027f625ea3f0 JavaThread "main" [_thread_blocked, id=6984, stack(0x000000a089000000,0x000000a089100000)]
  0x0000027f004ec270 JavaThread "Reference Handler" daemon [_thread_blocked, id=1820, stack(0x000000a089700000,0x000000a089800000)]
  0x0000027f004ecb40 JavaThread "Finalizer" daemon [_thread_blocked, id=17040, stack(0x000000a089800000,0x000000a089900000)]
  0x0000027f00503640 JavaThread "Signal Dispatcher" daemon [_thread_blocked, id=2316, stack(0x000000a089900000,0x000000a089a00000)]
  0x0000027f00503f10 JavaThread "Attach Listener" daemon [_thread_blocked, id=8016, stack(0x000000a089a00000,0x000000a089b00000)]
  0x0000027f005047e0 JavaThread "Service Thread" daemon [_thread_blocked, id=9736, stack(0x000000a089b00000,0x000000a089c00000)]
  0x0000027f005070d0 JavaThread "Monitor Deflation Thread" daemon [_thread_blocked, id=6268, stack(0x000000a089c00000,0x000000a089d00000)]
=>0x0000027f00bc1110 JavaThread "C2 CompilerThread0" daemon [_thread_in_native, id=12620, stack(0x000000a089d00000,0x000000a089e00000)]
  0x0000027f0052a9d0 JavaThread "C1 CompilerThread0" daemon [_thread_in_native, id=2588, stack(0x000000a089e00000,0x000000a089f00000)]
  0x0000027f00bc2220 JavaThread "Sweeper thread" daemon [_thread_blocked, id=11092, stack(0x000000a089f00000,0x000000a08a000000)]
  0x0000027f00cfbfa0 JavaThread "Notification Thread" daemon [_thread_blocked, id=9576, stack(0x000000a08a000000,0x000000a08a100000)]
  0x0000027f00d108d0 JavaThread "Common-Cleaner" daemon [_thread_blocked, id=3840, stack(0x000000a08a200000,0x000000a08a300000)]
  0x0000027f467d6b60 JavaThread "ReaderThread" [_thread_in_native, id=14868, stack(0x000000a08a600000,0x000000a08a700000)]
  0x0000027f469c08b0 JavaThread "ForkJoinPool.commonPool-worker-1" daemon [_thread_blocked, id=1976, stack(0x000000a08ad00000,0x000000a08ae00000)]
  0x0000027f00faaf80 JavaThread "ForkJoinPool.commonPool-worker-2" daemon [_thread_blocked, id=9332, stack(0x000000a08ae00000,0x000000a08af00000)]
  0x0000027f00fab460 JavaThread "ForkJoinPool.commonPool-worker-3" daemon [_thread_blocked, id=15716, stack(0x000000a08af00000,0x000000a08b000000)]
  0x0000027f00fab940 JavaThread "ForkJoinPool.commonPool-worker-4" daemon [_thread_blocked, id=17008, stack(0x000000a08b000000,0x000000a08b100000)]
  0x0000027f46148020 JavaThread "ForkJoinPool.commonPool-worker-5" daemon [_thread_blocked, id=17960, stack(0x000000a08b100000,0x000000a08b200000)]
  0x0000027f47e71a00 JavaThread "ForkJoinPool.commonPool-worker-6" daemon [_thread_blocked, id=11680, stack(0x000000a08b200000,0x000000a08b300000)]
  0x0000027f47e700b0 JavaThread "Forwarding newSession on session null to remote" [_thread_blocked, id=6752, stack(0x000000a08b300000,0x000000a08b400000)]
  0x0000027f47e71f10 JavaThread "TestNG-tests-2" [_thread_in_Java, id=12460, stack(0x000000a08b400000,0x000000a08b500000)]
  0x0000027f47e705c0 JavaThread "HttpClient-1-SelectorManager" daemon [_thread_in_native, id=14668, stack(0x000000a08b500000,0x000000a08b600000)]
  0x0000027f47e714f0 JavaThread "JdkHttpClient-0-0" daemon [_thread_blocked, id=2892, stack(0x000000a08a400000,0x000000a08a500000)]
  0x0000027f47e70fe0 JavaThread "CompletableFutureDelayScheduler" daemon [_thread_blocked, id=6332, stack(0x000000a08b900000,0x000000a08ba00000)]
  0x0000027f47e73350 JavaThread "JdkHttpClient-0-1" daemon [_thread_blocked, id=13124, stack(0x000000a08ba00000,0x000000a08bb00000)]
  0x0000027f471f68e0 JavaThread "JdkHttpClient-0-2" daemon [_thread_blocked, id=17768, stack(0x000000a08bb00000,0x000000a08bc00000)]
  0x0000027f471f7300 JavaThread "JdkHttpClient-0-3" daemon [_thread_blocked, id=7116, stack(0x000000a08bc00000,0x000000a08bd00000)]
  0x0000027f471f63d0 JavaThread "HttpClient-2-SelectorManager" daemon [_thread_in_native, id=12680, stack(0x000000a08a300000,0x000000a08a400000)]
  0x0000027f471f7810 JavaThread "External Process Output Forwarder - C:\Users\bussu\.cache\selenium\chromedriver\win64\144.0.7559.133\chromedriver.exe" daemon [_thread_in_native, id=4156, stack(0x000000a08bd00000,0x000000a08be00000)]
  0x0000027f471f4f90 JavaThread "Driver Service Executor" daemon [_thread_blocked, id=16152, stack(0x000000a08be00000,0x000000a08bf00000)]
  0x0000027f471f6df0 JavaThread "Driver Service Executor" daemon [_thread_blocked, id=11796, stack(0x000000a08bf00000,0x000000a08c000000)]
  0x0000027f471f4060 JavaThread "UrlChecker-2" daemon [_thread_blocked, id=8520, stack(0x000000a08c000000,0x000000a08c100000)]
  0x0000027f471f7d20 JavaThread "JdkHttpClient-1-0" daemon [_thread_blocked, id=9496, stack(0x000000a08c200000,0x000000a08c300000)]
  0x0000027f471f4570 JavaThread "JdkHttpClient-1-1" daemon [_thread_blocked, id=1244, stack(0x000000a08c300000,0x000000a08c400000)]
  0x0000027f471f59b0 JavaThread "JdkHttpClient-1-2" daemon [_thread_blocked, id=13180, stack(0x000000a08c400000,0x000000a08c500000)]
  0x0000027f471f4a80 JavaThread "HttpClient-3-SelectorManager" daemon [_thread_in_native, id=6136, stack(0x000000a08c800000,0x000000a08c900000)]
  0x0000027f471f5ec0 JavaThread "JdkHttpClient-2-0" daemon [_thread_blocked, id=16120, stack(0x000000a08c900000,0x000000a08ca00000)]
  0x0000027f471f8c50 JavaThread "JdkHttpClient-2-1" daemon [_thread_blocked, id=9656, stack(0x000000a08ca00000,0x000000a08cb00000)]
  0x0000027f471faab0 JavaThread "JdkHttpClient-2-2" daemon [_thread_blocked, id=6000, stack(0x000000a08cb00000,0x000000a08cc00000)]
  0x0000027f471fb4d0 JavaThread "JdkHttpClient-2-3" daemon [_thread_blocked, id=10928, stack(0x000000a08cc00000,0x000000a08cd00000)]
  0x0000027f471f8230 JavaThread "HttpClient-4-SelectorManager" daemon [_thread_in_native, id=9188, stack(0x000000a08c100000,0x000000a08c200000)]
  0x0000027f471f9160 JavaThread "Keep-Alive-Timer" daemon [_thread_blocked, id=3188, stack(0x000000a08d000000,0x000000a08d100000)]
  0x0000027f471fafc0 JavaThread "JdkHttpClient-3-0" daemon [_thread_blocked, id=10368, stack(0x000000a08d100000,0x000000a08d200000)]
  0x0000027f471f9670 JavaThread "JdkHttpClient-3-1" daemon [_thread_blocked, id=17824, stack(0x000000a08d200000,0x000000a08d300000)]
  0x0000027f471fb9e0 JavaThread "JdkHttpClient-3-2" daemon [_thread_blocked, id=3652, stack(0x000000a08d300000,0x000000a08d400000)]
  0x0000027f471f9b80 JavaThread "JdkHttpClient-3-3" daemon [_thread_blocked, id=6328, stack(0x000000a08d400000,0x000000a08d500000)]
  0x0000027f471fa5a0 JavaThread "HttpClient-5-SelectorManager" daemon [_thread_in_native, id=18080, stack(0x000000a08b600000,0x000000a08b700000)]
  0x0000027f47e70ad0 JavaThread "External Process Output Forwarder - C:\Users\bussu\.cache\selenium\geckodriver\win64\0.36.0\geckodriver.exe" daemon [_thread_in_native, id=5096, stack(0x000000a08b700000,0x000000a08b800000)]
  0x0000027f47e72420 JavaThread "Driver Service Executor" daemon [_thread_blocked, id=16364, stack(0x000000a08b800000,0x000000a08b900000)]
  0x0000027f47e72930 JavaThread "Driver Service Executor" daemon [_thread_in_native, id=13504, stack(0x000000a08d500000,0x000000a08d600000)]
  0x0000027f47e72e40 JavaThread "JdkHttpClient-4-0" daemon [_thread_blocked, id=11636, stack(0x000000a08d600000,0x000000a08d700000)]
  0x0000027f46279050 JavaThread "JdkHttpClient-4-1" daemon [_thread_blocked, id=5264, stack(0x000000a08d700000,0x000000a08d800000)]
  0x0000027f4627a490 JavaThread "JdkHttpClient-4-2" daemon [_thread_blocked, id=13864, stack(0x000000a08d800000,0x000000a08d900000)]
  0x0000027f46279f80 JavaThread "JdkHttpClient-4-3" daemon [_thread_blocked, id=8696, stack(0x000000a08d900000,0x000000a08da00000)]
  0x0000027f00527a00 JavaThread "C2 CompilerThread1" daemon [_thread_in_native, id=9280, stack(0x000000a08cd00000,0x000000a08ce00000)]

Other Threads:
  0x0000027f004e89c0 VMThread "VM Thread" [stack: 0x000000a089600000,0x000000a089700000] [id=6600]
  0x0000027f6266b280 WatcherThread [stack: 0x000000a08a100000,0x000000a08a200000] [id=16924]
  0x0000027f62642c30 GCTaskThread "GC Thread#0" [stack: 0x000000a089100000,0x000000a089200000] [id=18256]
  0x0000027f468ad7f0 GCTaskThread "GC Thread#1" [stack: 0x000000a08a700000,0x000000a08a800000] [id=12392]
  0x0000027f46b9c490 GCTaskThread "GC Thread#2" [stack: 0x000000a08a800000,0x000000a08a900000] [id=16320]
  0x0000027f46b9c750 GCTaskThread "GC Thread#3" [stack: 0x000000a08a900000,0x000000a08aa00000] [id=3868]
  0x0000027f46dbf750 GCTaskThread "GC Thread#4" [stack: 0x000000a08aa00000,0x000000a08ab00000] [id=17456]
  0x0000027f46b27240 GCTaskThread "GC Thread#5" [stack: 0x000000a08ab00000,0x000000a08ac00000] [id=11032]
  0x0000027f467c1470 GCTaskThread "GC Thread#6" [stack: 0x000000a08ac00000,0x000000a08ad00000] [id=13240]
  0x0000027f46e33390 GCTaskThread "GC Thread#7" [stack: 0x000000a08c500000,0x000000a08c600000] [id=6272]
  0x0000027f4699e420 GCTaskThread "GC Thread#8" [stack: 0x000000a08c600000,0x000000a08c700000] [id=15568]
  0x0000027f480c4f90 GCTaskThread "GC Thread#9" [stack: 0x000000a08c700000,0x000000a08c800000] [id=14804]
  0x0000027f626530d0 ConcurrentGCThread "G1 Main Marker" [stack: 0x000000a089200000,0x000000a089300000] [id=2356]
  0x0000027f626546c0 ConcurrentGCThread "G1 Conc#0" [stack: 0x000000a089300000,0x000000a089400000] [id=2472]
  0x0000027f626a4280 ConcurrentGCThread "G1 Refine#0" [stack: 0x000000a089400000,0x000000a089500000] [id=2776]
  0x0000027f626a8990 ConcurrentGCThread "G1 Service" [stack: 0x000000a089500000,0x000000a089600000] [id=9616]

Threads with active compile tasks:
C2 CompilerThread0    30272 2622       4       java.util.HashMap::putVal (300 bytes)
C1 CompilerThread0    30273 2673       3       sun.util.locale.LocaleUtils::toUpperString (95 bytes)
C2 CompilerThread1    30273 2672       4       java.util.HashMap$KeyIterator::next (8 bytes)

VM state: not at safepoint (normal execution)

VM Mutex/Monitor currently owned by a thread:  ([mutex/lock_event])
[0x0000027f625e6580] CodeCache_lock - owner thread: 0x0000027f0052a9d0
[0x0000027f625e88f0] Compile_lock - owner thread: 0x0000027f0052a9d0
[0x0000027f625e8350] MethodCompileQueue_lock - owner thread: 0x0000027f0052a9d0

Heap address: 0x0000000084e00000, size: 1970 MB, Compressed Oops mode: 32-bit

CDS archive(s) mapped at: [0x0000027f01000000-0x0000027f01bd0000-0x0000027f01bd0000), size 12386304, SharedBaseAddress: 0x0000027f01000000, ArchiveRelocationMode: 1.
Compressed class space mapped at: 0x0000027f02000000-0x0000027f42000000, reserved size: 1073741824
Narrow klass base: 0x0000027f01000000, Narrow klass shift: 0, Narrow klass range: 0x100000000

GC Precious Log:
 CPUs: 12 total, 12 available
 Memory: 7876M
 Large Page Support: Disabled
 NUMA Support: Disabled
 Compressed Oops: Enabled (32-bit)
 Heap Region Size: 1M
 Heap Min Capacity: 8M
 Heap Initial Capacity: 124M
 Heap Max Capacity: 1970M
 Pre-touch: Disabled
 Parallel Workers: 10
 Concurrent Workers: 3
 Concurrent Refinement Workers: 10
 Periodic GC: Disabled

Heap:
 garbage-first heap   total 126976K, used 29465K [0x0000000084e00000, 0x0000000100000000)
  region size 1024K, 24 young (24576K), 4 survivors (4096K)
 Metaspace       used 18380K, committed 18816K, reserved 1114112K
  class space    used 2303K, committed 2496K, reserved 1048576K

Heap Regions: E=young(eden), S=young(survivor), O=old, HS=humongous(starts), HC=humongous(continues), CS=collection set, F=free, OA=open archive, CA=closed archive, TAMS=top-at-mark-start (previous, next)
|   0|0x0000000084e00000, 0x0000000084f00000, 0x0000000084f00000|100%|HS|  |TAMS 0x0000000084e00000, 0x0000000084e00000| Complete 
|   1|0x0000000084f00000, 0x0000000085000000, 0x0000000085000000|100%|HS|  |TAMS 0x0000000084f00000, 0x0000000084f00000| Complete 
|   2|0x0000000085000000, 0x0000000085100000, 0x0000000085100000|100%| O|  |TAMS 0x0000000085000000, 0x0000000085000000| Untracked 
|   3|0x0000000085100000, 0x0000000085200000, 0x0000000085200000|100%| O|  |TAMS 0x0000000085100000, 0x0000000085100000| Untracked 
|   4|0x0000000085200000, 0x0000000085300000, 0x0000000085300000|100%| O|  |TAMS 0x0000000085200000, 0x0000000085200000| Untracked 
|   5|0x0000000085300000, 0x0000000085400000, 0x0000000085400000|100%| O|  |TAMS 0x0000000085300000, 0x0000000085300000| Untracked 
|   6|0x0000000085400000, 0x0000000085482800, 0x0000000085500000| 50%| O|  |TAMS 0x0000000085400000, 0x0000000085400000| Untracked 
|   7|0x0000000085500000, 0x0000000085500000, 0x0000000085600000|  0%| F|  |TAMS 0x0000000085500000, 0x0000000085500000| Untracked 
|   8|0x0000000085600000, 0x0000000085600000, 0x0000000085700000|  0%| F|  |TAMS 0x0000000085600000, 0x0000000085600000| Untracked 
|   9|0x0000000085700000, 0x0000000085700000, 0x0000000085800000|  0%| F|  |TAMS 0x0000000085700000, 0x0000000085700000| Untracked 
|  10|0x0000000085800000, 0x0000000085800000, 0x0000000085900000|  0%| F|  |TAMS 0x0000000085800000, 0x0000000085800000| Untracked 
|  11|0x0000000085900000, 0x0000000085900000, 0x0000000085a00000|  0%| F|  |TAMS 0x0000000085900000, 0x0000000085900000| Untracked 
|  12|0x0000000085a00000, 0x0000000085a00000, 0x0000000085b00000|  0%| F|  |TAMS 0x0000000085a00000, 0x0000000085a00000| Untracked 
|  13|0x0000000085b00000, 0x0000000085b00000, 0x0000000085c00000|  0%| F|  |TAMS 0x0000000085b00000, 0x0000000085b00000| Untracked 
|  14|0x0000000085c00000, 0x0000000085c00000, 0x0000000085d00000|  0%| F|  |TAMS 0x0000000085c00000, 0x0000000085c00000| Untracked 
|  15|0x0000000085d00000, 0x0000000085d00000, 0x0000000085e00000|  0%| F|  |TAMS 0x0000000085d00000, 0x0000000085d00000| Untracked 
|  16|0x0000000085e00000, 0x0000000085e00000, 0x0000000085f00000|  0%| F|  |TAMS 0x0000000085e00000, 0x0000000085e00000| Untracked 
|  17|0x0000000085f00000, 0x0000000085f00000, 0x0000000086000000|  0%| F|  |TAMS 0x0000000085f00000, 0x0000000085f00000| Untracked 
|  18|0x0000000086000000, 0x0000000086000000, 0x0000000086100000|  0%| F|  |TAMS 0x0000000086000000, 0x0000000086000000| Untracked 
|  19|0x0000000086100000, 0x0000000086100000, 0x0000000086200000|  0%| F|  |TAMS 0x0000000086100000, 0x0000000086100000| Untracked 
|  20|0x0000000086200000, 0x0000000086200000, 0x0000000086300000|  0%| F|  |TAMS 0x0000000086200000, 0x0000000086200000| Untracked 
|  21|0x0000000086300000, 0x0000000086300000, 0x0000000086400000|  0%| F|  |TAMS 0x0000000086300000, 0x0000000086300000| Untracked 
|  22|0x0000000086400000, 0x0000000086400000, 0x0000000086500000|  0%| F|  |TAMS 0x0000000086400000, 0x0000000086400000| Untracked 
|  23|0x0000000086500000, 0x0000000086500000, 0x0000000086600000|  0%| F|  |TAMS 0x0000000086500000, 0x0000000086500000| Untracked 
|  24|0x0000000086600000, 0x0000000086600000, 0x0000000086700000|  0%| F|  |TAMS 0x0000000086600000, 0x0000000086600000| Untracked 
|  25|0x0000000086700000, 0x0000000086700000, 0x0000000086800000|  0%| F|  |TAMS 0x0000000086700000, 0x0000000086700000| Untracked 
|  26|0x0000000086800000, 0x0000000086800000, 0x0000000086900000|  0%| F|  |TAMS 0x0000000086800000, 0x0000000086800000| Untracked 
|  27|0x0000000086900000, 0x0000000086900000, 0x0000000086a00000|  0%| F|  |TAMS 0x0000000086900000, 0x0000000086900000| Untracked 
|  28|0x0000000086a00000, 0x0000000086a00000, 0x0000000086b00000|  0%| F|  |TAMS 0x0000000086a00000, 0x0000000086a00000| Untracked 
|  29|0x0000000086b00000, 0x0000000086b00000, 0x0000000086c00000|  0%| F|  |TAMS 0x0000000086b00000, 0x0000000086b00000| Untracked 
|  30|0x0000000086c00000, 0x0000000086c00000, 0x0000000086d00000|  0%| F|  |TAMS 0x0000000086c00000, 0x0000000086c00000| Untracked 
|  31|0x0000000086d00000, 0x0000000086d00000, 0x0000000086e00000|  0%| F|  |TAMS 0x0000000086d00000, 0x0000000086d00000| Untracked 
|  32|0x0000000086e00000, 0x0000000086e00000, 0x0000000086f00000|  0%| F|  |TAMS 0x0000000086e00000, 0x0000000086e00000| Untracked 
|  33|0x0000000086f00000, 0x0000000086f00000, 0x0000000087000000|  0%| F|  |TAMS 0x0000000086f00000, 0x0000000086f00000| Untracked 
|  34|0x0000000087000000, 0x0000000087000000, 0x0000000087100000|  0%| F|  |TAMS 0x0000000087000000, 0x0000000087000000| Untracked 
|  35|0x0000000087100000, 0x0000000087100000, 0x0000000087200000|  0%| F|  |TAMS 0x0000000087100000, 0x0000000087100000| Untracked 
|  36|0x0000000087200000, 0x0000000087200000, 0x0000000087300000|  0%| F|  |TAMS 0x0000000087200000, 0x0000000087200000| Untracked 
|  37|0x0000000087300000, 0x0000000087300000, 0x0000000087400000|  0%| F|  |TAMS 0x0000000087300000, 0x0000000087300000| Untracked 
|  38|0x0000000087400000, 0x0000000087400000, 0x0000000087500000|  0%| F|  |TAMS 0x0000000087400000, 0x0000000087400000| Untracked 
|  39|0x0000000087500000, 0x0000000087500000, 0x0000000087600000|  0%| F|  |TAMS 0x0000000087500000, 0x0000000087500000| Untracked 
|  40|0x0000000087600000, 0x0000000087600000, 0x0000000087700000|  0%| F|  |TAMS 0x0000000087600000, 0x0000000087600000| Untracked 
|  41|0x0000000087700000, 0x0000000087700000, 0x0000000087800000|  0%| F|  |TAMS 0x0000000087700000, 0x0000000087700000| Untracked 
|  42|0x0000000087800000, 0x0000000087800000, 0x0000000087900000|  0%| F|  |TAMS 0x0000000087800000, 0x0000000087800000| Untracked 
|  43|0x0000000087900000, 0x0000000087900000, 0x0000000087a00000|  0%| F|  |TAMS 0x0000000087900000, 0x0000000087900000| Untracked 
|  44|0x0000000087a00000, 0x0000000087a00000, 0x0000000087b00000|  0%| F|  |TAMS 0x0000000087a00000, 0x0000000087a00000| Untracked 
|  45|0x0000000087b00000, 0x0000000087b00000, 0x0000000087c00000|  0%| F|  |TAMS 0x0000000087b00000, 0x0000000087b00000| Untracked 
|  46|0x0000000087c00000, 0x0000000087c00000, 0x0000000087d00000|  0%| F|  |TAMS 0x0000000087c00000, 0x0000000087c00000| Untracked 
|  47|0x0000000087d00000, 0x0000000087d00000, 0x0000000087e00000|  0%| F|  |TAMS 0x0000000087d00000, 0x0000000087d00000| Untracked 
|  48|0x0000000087e00000, 0x0000000087e00000, 0x0000000087f00000|  0%| F|  |TAMS 0x0000000087e00000, 0x0000000087e00000| Untracked 
|  49|0x0000000087f00000, 0x0000000087f00000, 0x0000000088000000|  0%| F|  |TAMS 0x0000000087f00000, 0x0000000087f00000| Untracked 
|  50|0x0000000088000000, 0x0000000088000000, 0x0000000088100000|  0%| F|  |TAMS 0x0000000088000000, 0x0000000088000000| Untracked 
|  51|0x0000000088100000, 0x0000000088100000, 0x0000000088200000|  0%| F|  |TAMS 0x0000000088100000, 0x0000000088100000| Untracked 
|  52|0x0000000088200000, 0x0000000088200000, 0x0000000088300000|  0%| F|  |TAMS 0x0000000088200000, 0x0000000088200000| Untracked 
|  53|0x0000000088300000, 0x0000000088300000, 0x0000000088400000|  0%| F|  |TAMS 0x0000000088300000, 0x0000000088300000| Untracked 
|  54|0x0000000088400000, 0x0000000088400000, 0x0000000088500000|  0%| F|  |TAMS 0x0000000088400000, 0x0000000088400000| Untracked 
|  55|0x0000000088500000, 0x0000000088500000, 0x0000000088600000|  0%| F|  |TAMS 0x0000000088500000, 0x0000000088500000| Untracked 
|  56|0x0000000088600000, 0x0000000088600000, 0x0000000088700000|  0%| F|  |TAMS 0x0000000088600000, 0x0000000088600000| Untracked 
|  57|0x0000000088700000, 0x0000000088700000, 0x0000000088800000|  0%| F|  |TAMS 0x0000000088700000, 0x0000000088700000| Untracked 
|  58|0x0000000088800000, 0x0000000088800000, 0x0000000088900000|  0%| F|  |TAMS 0x0000000088800000, 0x0000000088800000| Untracked 
|  59|0x0000000088900000, 0x0000000088900000, 0x0000000088a00000|  0%| F|  |TAMS 0x0000000088900000, 0x0000000088900000| Untracked 
|  60|0x0000000088a00000, 0x0000000088a00000, 0x0000000088b00000|  0%| F|  |TAMS 0x0000000088a00000, 0x0000000088a00000| Untracked 
|  61|0x0000000088b00000, 0x0000000088b00000, 0x0000000088c00000|  0%| F|  |TAMS 0x0000000088b00000, 0x0000000088b00000| Untracked 
|  62|0x0000000088c00000, 0x0000000088c00000, 0x0000000088d00000|  0%| F|  |TAMS 0x0000000088c00000, 0x0000000088c00000| Untracked 
|  63|0x0000000088d00000, 0x0000000088d00000, 0x0000000088e00000|  0%| F|  |TAMS 0x0000000088d00000, 0x0000000088d00000| Untracked 
|  64|0x0000000088e00000, 0x0000000088e00000, 0x0000000088f00000|  0%| F|  |TAMS 0x0000000088e00000, 0x0000000088e00000| Untracked 
|  65|0x0000000088f00000, 0x0000000088f00000, 0x0000000089000000|  0%| F|  |TAMS 0x0000000088f00000, 0x0000000088f00000| Untracked 
|  66|0x0000000089000000, 0x0000000089000000, 0x0000000089100000|  0%| F|  |TAMS 0x0000000089000000, 0x0000000089000000| Untracked 
|  67|0x0000000089100000, 0x0000000089100000, 0x0000000089200000|  0%| F|  |TAMS 0x0000000089100000, 0x0000000089100000| Untracked 
|  68|0x0000000089200000, 0x0000000089200000, 0x0000000089300000|  0%| F|  |TAMS 0x0000000089200000, 0x0000000089200000| Untracked 
|  69|0x0000000089300000, 0x0000000089300000, 0x0000000089400000|  0%| F|  |TAMS 0x0000000089300000, 0x0000000089300000| Untracked 
|  70|0x0000000089400000, 0x0000000089400000, 0x0000000089500000|  0%| F|  |TAMS 0x0000000089400000, 0x0000000089400000| Untracked 
|  71|0x0000000089500000, 0x0000000089500000, 0x0000000089600000|  0%| F|  |TAMS 0x0000000089500000, 0x0000000089500000| Untracked 
|  72|0x0000000089600000, 0x0000000089600000, 0x0000000089700000|  0%| F|  |TAMS 0x0000000089600000, 0x0000000089600000| Untracked 
|  73|0x0000000089700000, 0x0000000089700000, 0x0000000089800000|  0%| F|  |TAMS 0x0000000089700000, 0x0000000089700000| Untracked 
|  74|0x0000000089800000, 0x0000000089800000, 0x0000000089900000|  0%| F|  |TAMS 0x0000000089800000, 0x0000000089800000| Untracked 
|  75|0x0000000089900000, 0x0000000089900000, 0x0000000089a00000|  0%| F|  |TAMS 0x0000000089900000, 0x0000000089900000| Untracked 
|  76|0x0000000089a00000, 0x0000000089a00000, 0x0000000089b00000|  0%| F|  |TAMS 0x0000000089a00000, 0x0000000089a00000| Untracked 
|  77|0x0000000089b00000, 0x0000000089b00000, 0x0000000089c00000|  0%| F|  |TAMS 0x0000000089b00000, 0x0000000089b00000| Untracked 
|  78|0x0000000089c00000, 0x0000000089c00000, 0x0000000089d00000|  0%| F|  |TAMS 0x0000000089c00000, 0x0000000089c00000| Untracked 
|  79|0x0000000089d00000, 0x0000000089d00000, 0x0000000089e00000|  0%| F|  |TAMS 0x0000000089d00000, 0x0000000089d00000| Untracked 
|  80|0x0000000089e00000, 0x0000000089e00000, 0x0000000089f00000|  0%| F|  |TAMS 0x0000000089e00000, 0x0000000089e00000| Untracked 
|  81|0x0000000089f00000, 0x0000000089f00000, 0x000000008a000000|  0%| F|  |TAMS 0x0000000089f00000, 0x0000000089f00000| Untracked 
|  82|0x000000008a000000, 0x000000008a000000, 0x000000008a100000|  0%| F|  |TAMS 0x000000008a000000, 0x000000008a000000| Untracked 
|  83|0x000000008a100000, 0x000000008a100000, 0x000000008a200000|  0%| F|  |TAMS 0x000000008a100000, 0x000000008a100000| Untracked 
|  84|0x000000008a200000, 0x000000008a200000, 0x000000008a300000|  0%| F|  |TAMS 0x000000008a200000, 0x000000008a200000| Untracked 
|  85|0x000000008a300000, 0x000000008a300000, 0x000000008a400000|  0%| F|  |TAMS 0x000000008a300000, 0x000000008a300000| Untracked 
|  86|0x000000008a400000, 0x000000008a443e40, 0x000000008a500000| 26%| S|CS|TAMS 0x000000008a400000, 0x000000008a400000| Complete 
|  87|0x000000008a500000, 0x000000008a600000, 0x000000008a600000|100%| S|CS|TAMS 0x000000008a500000, 0x000000008a500000| Complete 
|  88|0x000000008a600000, 0x000000008a700000, 0x000000008a700000|100%| S|CS|TAMS 0x000000008a600000, 0x000000008a600000| Complete 
|  89|0x000000008a700000, 0x000000008a800000, 0x000000008a800000|100%| S|CS|TAMS 0x000000008a700000, 0x000000008a700000| Complete 
|  90|0x000000008a800000, 0x000000008a800000, 0x000000008a900000|  0%| F|  |TAMS 0x000000008a800000, 0x000000008a800000| Untracked 
|  91|0x000000008a900000, 0x000000008a900000, 0x000000008aa00000|  0%| F|  |TAMS 0x000000008a900000, 0x000000008a900000| Untracked 
|  92|0x000000008aa00000, 0x000000008aa00000, 0x000000008ab00000|  0%| F|  |TAMS 0x000000008aa00000, 0x000000008aa00000| Untracked 
|  93|0x000000008ab00000, 0x000000008ab00000, 0x000000008ac00000|  0%| F|  |TAMS 0x000000008ab00000, 0x000000008ab00000| Untracked 
|  94|0x000000008ac00000, 0x000000008ac00000, 0x000000008ad00000|  0%| F|  |TAMS 0x000000008ac00000, 0x000000008ac00000| Untracked 
|  95|0x000000008ad00000, 0x000000008ad00000, 0x000000008ae00000|  0%| F|  |TAMS 0x000000008ad00000, 0x000000008ad00000| Untracked 
|  96|0x000000008ae00000, 0x000000008ae00000, 0x000000008af00000|  0%| F|  |TAMS 0x000000008ae00000, 0x000000008ae00000| Untracked 
|  97|0x000000008af00000, 0x000000008af00000, 0x000000008b000000|  0%| F|  |TAMS 0x000000008af00000, 0x000000008af00000| Untracked 
|  98|0x000000008b000000, 0x000000008b000000, 0x000000008b100000|  0%| F|  |TAMS 0x000000008b000000, 0x000000008b000000| Untracked 
|  99|0x000000008b100000, 0x000000008b100000, 0x000000008b200000|  0%| F|  |TAMS 0x000000008b100000, 0x000000008b100000| Untracked 
| 100|0x000000008b200000, 0x000000008b200000, 0x000000008b300000|  0%| F|  |TAMS 0x000000008b200000, 0x000000008b200000| Untracked 
| 101|0x000000008b300000, 0x000000008b300000, 0x000000008b400000|  0%| F|  |TAMS 0x000000008b300000, 0x000000008b300000| Untracked 
| 102|0x000000008b400000, 0x000000008b400000, 0x000000008b500000|  0%| F|  |TAMS 0x000000008b400000, 0x000000008b400000| Untracked 
| 103|0x000000008b500000, 0x000000008b500000, 0x000000008b600000|  0%| F|  |TAMS 0x000000008b500000, 0x000000008b500000| Untracked 
| 104|0x000000008b600000, 0x000000008b691d00, 0x000000008b700000| 56%| E|  |TAMS 0x000000008b600000, 0x000000008b600000| Complete 
| 105|0x000000008b700000, 0x000000008b800000, 0x000000008b800000|100%| E|CS|TAMS 0x000000008b700000, 0x000000008b700000| Complete 
| 106|0x000000008b800000, 0x000000008b900000, 0x000000008b900000|100%| E|CS|TAMS 0x000000008b800000, 0x000000008b800000| Complete 
| 107|0x000000008b900000, 0x000000008ba00000, 0x000000008ba00000|100%| E|CS|TAMS 0x000000008b900000, 0x000000008b900000| Complete 
| 108|0x000000008ba00000, 0x000000008bb00000, 0x000000008bb00000|100%| E|CS|TAMS 0x000000008ba00000, 0x000000008ba00000| Complete 
| 109|0x000000008bb00000, 0x000000008bc00000, 0x000000008bc00000|100%| E|CS|TAMS 0x000000008bb00000, 0x000000008bb00000| Complete 
| 110|0x000000008bc00000, 0x000000008bd00000, 0x000000008bd00000|100%| E|CS|TAMS 0x000000008bc00000, 0x000000008bc00000| Complete 
| 111|0x000000008bd00000, 0x000000008be00000, 0x000000008be00000|100%| E|CS|TAMS 0x000000008bd00000, 0x000000008bd00000| Complete 
| 112|0x000000008be00000, 0x000000008bf00000, 0x000000008bf00000|100%| E|CS|TAMS 0x000000008be00000, 0x000000008be00000| Complete 
| 113|0x000000008bf00000, 0x000000008c000000, 0x000000008c000000|100%| E|CS|TAMS 0x000000008bf00000, 0x000000008bf00000| Complete 
| 114|0x000000008c000000, 0x000000008c100000, 0x000000008c100000|100%| E|CS|TAMS 0x000000008c000000, 0x000000008c000000| Complete 
| 115|0x000000008c100000, 0x000000008c200000, 0x000000008c200000|100%| E|CS|TAMS 0x000000008c100000, 0x000000008c100000| Complete 
| 116|0x000000008c200000, 0x000000008c300000, 0x000000008c300000|100%| E|CS|TAMS 0x000000008c200000, 0x000000008c200000| Complete 
| 117|0x000000008c300000, 0x000000008c400000, 0x000000008c400000|100%| E|CS|TAMS 0x000000008c300000, 0x000000008c300000| Complete 
| 118|0x000000008c400000, 0x000000008c500000, 0x000000008c500000|100%| E|CS|TAMS 0x000000008c400000, 0x000000008c400000| Complete 
| 119|0x000000008c500000, 0x000000008c600000, 0x000000008c600000|100%| E|CS|TAMS 0x000000008c500000, 0x000000008c500000| Complete 
| 120|0x000000008c600000, 0x000000008c700000, 0x000000008c700000|100%| E|CS|TAMS 0x000000008c600000, 0x000000008c600000| Complete 
| 121|0x000000008c700000, 0x000000008c800000, 0x000000008c800000|100%| E|CS|TAMS 0x000000008c700000, 0x000000008c700000| Complete 
| 122|0x000000008c800000, 0x000000008c900000, 0x000000008c900000|100%| E|CS|TAMS 0x000000008c800000, 0x000000008c800000| Complete 
| 123|0x000000008c900000, 0x000000008ca00000, 0x000000008ca00000|100%| E|CS|TAMS 0x000000008c900000, 0x000000008c900000| Complete 

Card table byte_map: [0x0000027f797d0000,0x0000027f79bb0000] _byte_map_base: 0x0000027f793a9000

Marking Bits (Prev, Next): (CMBitMap*) 0x0000027f62643160, (CMBitMap*) 0x0000027f626431a0
 Prev Bits: [0x0000027f79f90000, 0x0000027f7be58000)
 Next Bits: [0x0000027f7be60000, 0x0000027f7dd28000)

Polling page: 0x0000027f60510000

Metaspace:

Usage:
  Non-class:     15.70 MB used.
      Class:      2.25 MB used.
       Both:     17.95 MB used.

Virtual space:
  Non-class space:       64.00 MB reserved,      15.94 MB ( 25%) committed,  1 nodes.
      Class space:        1.00 GB reserved,       2.44 MB ( <1%) committed,  1 nodes.
             Both:        1.06 GB reserved,      18.38 MB (  2%) committed. 

Chunk freelists:
   Non-Class:  96.00 KB
       Class:  13.51 MB
        Both:  13.61 MB

MaxMetaspaceSize: unlimited
CompressedClassSpaceSize: 1.00 GB
Initial GC threshold: 21.00 MB
Current GC threshold: 21.00 MB
CDS: on
MetaspaceReclaimPolicy: balanced
 - commit_granule_bytes: 65536.
 - commit_granule_words: 8192.
 - virtual_space_node_default_size: 8388608.
 - enlarge_chunks_in_place: 1.
 - new_chunks_are_fully_committed: 0.
 - uncommit_free_chunks: 1.
 - use_allocation_guard: 0.
 - handle_deallocations: 1.


Internal statistics:

num_allocs_failed_limit: 0.
num_arena_births: 410.
num_arena_deaths: 0.
num_vsnodes_births: 2.
num_vsnodes_deaths: 0.
num_space_committed: 294.
num_space_uncommitted: 0.
num_chunks_returned_to_freelist: 0.
num_chunks_taken_from_freelist: 964.
num_chunk_merges: 0.
num_chunk_splits: 567.
num_chunks_enlarged: 341.
num_inconsistent_stats: 0.

CodeHeap 'non-profiled nmethods': size=120000Kb used=1084Kb max_used=1084Kb free=118915Kb
 bounds [0x0000027f71970000, 0x0000027f71be0000, 0x0000027f78ea0000]
CodeHeap 'profiled nmethods': size=120000Kb used=5193Kb max_used=5193Kb free=114806Kb
 bounds [0x0000027f69ea0000, 0x0000027f6a3c0000, 0x0000027f713d0000]
CodeHeap 'non-nmethods': size=5760Kb used=1245Kb max_used=1270Kb free=4514Kb
 bounds [0x0000027f713d0000, 0x0000027f71640000, 0x0000027f71970000]
 total_blobs=3232 nmethods=2675 adapters=469
 compilation: enabled
              stopped_count=0, restarted_count=0
 full_count=0

Compilation events (20 events):
Event: 30.166 Thread 0x0000027f0052a9d0 nmethod 2617 0x0000027f6a396d10 code [0x0000027f6a396ec0, 0x0000027f6a3970c8]
Event: 30.169 Thread 0x0000027f0052a9d0 2618       1       org.testng.internal.BaseTestMethod::getMethodName (5 bytes)
Event: 30.169 Thread 0x0000027f0052a9d0 nmethod 2618 0x0000027f71a73890 code [0x0000027f71a73a20, 0x0000027f71a73af8]
Event: 30.170 Thread 0x0000027f0052a9d0 2619       3       java.lang.ThreadLocal$ThreadLocalMap::getEntryAfterMiss (59 bytes)
Event: 30.170 Thread 0x0000027f0052a9d0 nmethod 2619 0x0000027f6a397190 code [0x0000027f6a397380, 0x0000027f6a3979a8]
Event: 30.170 Thread 0x0000027f0052a9d0 2620       3       java.io.FileInputStream::available (5 bytes)
Event: 30.171 Thread 0x0000027f0052a9d0 nmethod 2620 0x0000027f6a397c10 code [0x0000027f6a397da0, 0x0000027f6a397ee8]
Event: 30.181 Thread 0x0000027f0052a9d0 2623       3       java.util.stream.ForEachOps$ForEachOp$OfRef::evaluateSequential (7 bytes)
Event: 30.182 Thread 0x0000027f0052a9d0 nmethod 2623 0x0000027f6a397f90 code [0x0000027f6a398160, 0x0000027f6a398588]
Event: 30.182 Thread 0x0000027f0052a9d0 2624       3       java.util.stream.ForEachOps$ForEachOp::evaluateSequential (13 bytes)
Event: 30.183 Thread 0x0000027f0052a9d0 nmethod 2624 0x0000027f6a398710 code [0x0000027f6a3988c0, 0x0000027f6a398c88]
Event: 30.183 Thread 0x0000027f0052a9d0 2625       3       org.testng.shaded.com.google.gson.internal.bind.ObjectTypeAdapter$1::create (25 bytes)
Event: 30.183 Thread 0x0000027f0052a9d0 nmethod 2625 0x0000027f6a398d90 code [0x0000027f6a398f60, 0x0000027f6a3993b8]
Event: 30.183 Thread 0x0000027f0052a9d0 2626       3       org.testng.shaded.com.google.gson.internal.Excluder::create (81 bytes)
Event: 30.184 Thread 0x0000027f0052a9d0 nmethod 2626 0x0000027f6a399590 code [0x0000027f6a399780, 0x0000027f6a399c38]
Event: 30.186 Thread 0x0000027f00bc1110 nmethod 2596 0x0000027f71a73f90 code [0x0000027f71a741c0, 0x0000027f71a75fa8]
Event: 30.186 Thread 0x0000027f00bc1110 2622       4       java.util.HashMap::putVal (300 bytes)
Event: 30.190 Thread 0x0000027f0052a9d0 2627       1       java.lang.ThreadLocal::initialValue (2 bytes)
Event: 30.191 Thread 0x0000027f0052a9d0 nmethod 2627 0x0000027f71a77310 code [0x0000027f71a774a0, 0x0000027f71a77578]
Event: 30.197 Thread 0x0000027f0052a9d0 2628       3       java.io.BufferedInputStream::fill (203 bytes)

GC Heap History (4 events):
Event: 1.082 GC heap before
{Heap before GC invocations=0 (full 0):
 garbage-first heap   total 126976K, used 24576K [0x0000000084e00000, 0x0000000100000000)
  region size 1024K, 23 young (23552K), 0 survivors (0K)
 Metaspace       used 7232K, committed 7488K, reserved 1114112K
  class space    used 836K, committed 960K, reserved 1048576K
}
Event: 1.091 GC heap after
{Heap after GC invocations=1 (full 0):
 garbage-first heap   total 126976K, used 6956K [0x0000000084e00000, 0x0000000100000000)
  region size 1024K, 3 young (3072K), 3 survivors (3072K)
 Metaspace       used 7232K, committed 7488K, reserved 1114112K
  class space    used 836K, committed 960K, reserved 1048576K
}
Event: 4.804 GC heap before
{Heap before GC invocations=1 (full 0):
 garbage-first heap   total 126976K, used 38700K [0x0000000084e00000, 0x0000000100000000)
  region size 1024K, 34 young (34816K), 3 survivors (3072K)
 Metaspace       used 16103K, committed 16448K, reserved 1114112K
  class space    used 1985K, committed 2176K, reserved 1048576K
}
Event: 4.817 GC heap after
{Heap after GC invocations=2 (full 0):
 garbage-first heap   total 126976K, used 10009K [0x0000000084e00000, 0x0000000100000000)
  region size 1024K, 4 young (4096K), 4 survivors (4096K)
 Metaspace       used 16103K, committed 16448K, reserved 1114112K
  class space    used 1985K, committed 2176K, reserved 1048576K
}

Deoptimization events (20 events):
Event: 30.013 Thread 0x0000027f471f4060 Uncommon trap: trap_request=0xffffffde fr.pc=0x0000027f71a60660 relative=0x00000000000001a0
Event: 30.013 Thread 0x0000027f471f4060 Uncommon trap: reason=class_check action=maybe_recompile pc=0x0000027f71a60660 method=java.util.regex.Pattern$Start.match(Ljava/util/regex/Matcher;ILjava/lang/CharSequence;)Z @ 44 c2
Event: 30.013 Thread 0x0000027f471f4060 DEOPT PACKING pc=0x0000027f71a60660 sp=0x000000a08c0fe8a0
Event: 30.013 Thread 0x0000027f471f4060 DEOPT UNPACKING pc=0x0000027f714223a3 sp=0x000000a08c0fe840 mode 2
Event: 30.013 Thread 0x0000027f471f4060 Uncommon trap: trap_request=0xffffffde fr.pc=0x0000027f71a60660 relative=0x00000000000001a0
Event: 30.013 Thread 0x0000027f471f4060 Uncommon trap: reason=class_check action=maybe_recompile pc=0x0000027f71a60660 method=java.util.regex.Pattern$Start.match(Ljava/util/regex/Matcher;ILjava/lang/CharSequence;)Z @ 44 c2
Event: 30.013 Thread 0x0000027f471f4060 DEOPT PACKING pc=0x0000027f71a60660 sp=0x000000a08c0fe8a0
Event: 30.013 Thread 0x0000027f471f4060 DEOPT UNPACKING pc=0x0000027f714223a3 sp=0x000000a08c0fe840 mode 2
Event: 30.061 Thread 0x0000027f47e71f10 DEOPT PACKING pc=0x0000027f6a30d283 sp=0x000000a08b4fdfb0
Event: 30.061 Thread 0x0000027f47e71f10 DEOPT UNPACKING pc=0x0000027f71422b43 sp=0x000000a08b4fd448 mode 0
Event: 30.088 Thread 0x0000027f47e71f10 DEOPT PACKING pc=0x0000027f6a30d283 sp=0x000000a08b4fdd50
Event: 30.088 Thread 0x0000027f47e71f10 DEOPT UNPACKING pc=0x0000027f71422b43 sp=0x000000a08b4fd1e8 mode 0
Event: 30.136 Thread 0x0000027f47e71f10 DEOPT PACKING pc=0x0000027f6a3118a7 sp=0x000000a08b4fdd90
Event: 30.136 Thread 0x0000027f47e71f10 DEOPT UNPACKING pc=0x0000027f71422b43 sp=0x000000a08b4fd2b8 mode 0
Event: 30.158 Thread 0x0000027f47e71f10 DEOPT PACKING pc=0x0000027f6a3118a7 sp=0x000000a08b4fdd20
Event: 30.158 Thread 0x0000027f47e71f10 DEOPT UNPACKING pc=0x0000027f71422b43 sp=0x000000a08b4fd248 mode 0
Event: 30.180 Thread 0x0000027f47e71f10 Uncommon trap: trap_request=0xffffff45 fr.pc=0x0000027f719d56b0 relative=0x0000000000000210
Event: 30.180 Thread 0x0000027f47e71f10 Uncommon trap: reason=unstable_if action=reinterpret pc=0x0000027f719d56b0 method=java.util.HashMap.hash(Ljava/lang/Object;)I @ 1 c2
Event: 30.180 Thread 0x0000027f47e71f10 DEOPT PACKING pc=0x0000027f719d56b0 sp=0x000000a08b4fe500
Event: 30.180 Thread 0x0000027f47e71f10 DEOPT UNPACKING pc=0x0000027f714223a3 sp=0x000000a08b4fe3f8 mode 2

Classes unloaded (0 events):
No events

Classes redefined (0 events):
No events

Internal exceptions (20 events):
Event: 27.801 Thread 0x0000027f47e72420 Exception <a 'java/net/SocketException'{0x000000008baecf38}: Socket is not connected: shutdown> (0x000000008baecf38) 
thrown [s\open\src\hotspot\share\prims\jni.cpp, line 535]
Event: 27.802 Thread 0x0000027f47e72420 Exception <a 'java/net/ConnectException'{0x000000008baed7d0}: Connection refused: no further information> (0x000000008baed7d0) 
thrown [s\open\src\hotspot\share\prims\jni.cpp, line 535]
Event: 27.802 Thread 0x0000027f47e72420 Exception <a 'java/net/SocketException'{0x000000008baedb08}: Socket is not connected: shutdown> (0x000000008baedb08) 
thrown [s\open\src\hotspot\share\prims\jni.cpp, line 535]
Event: 27.802 Thread 0x0000027f47e72420 Exception <a 'java/net/ConnectException'{0x000000008baee368}: Connection refused: no further information> (0x000000008baee368) 
thrown [s\open\src\hotspot\share\prims\jni.cpp, line 535]
Event: 27.803 Thread 0x0000027f47e72420 Exception <a 'java/net/SocketException'{0x000000008baee6a0}: Socket is not connected: shutdown> (0x000000008baee6a0) 
thrown [s\open\src\hotspot\share\prims\jni.cpp, line 535]
Event: 27.803 Thread 0x0000027f47e72420 Exception <a 'java/net/ConnectException'{0x000000008baeef00}: Connection refused: no further information> (0x000000008baeef00) 
thrown [s\open\src\hotspot\share\prims\jni.cpp, line 535]
Event: 27.804 Thread 0x0000027f47e72420 Exception <a 'java/net/SocketException'{0x000000008baef238}: Socket is not connected: shutdown> (0x000000008baef238) 
thrown [s\open\src\hotspot\share\prims\jni.cpp, line 535]
Event: 27.804 Thread 0x0000027f47e72420 Exception <a 'java/net/ConnectException'{0x000000008baefa98}: Connection refused: no further information> (0x000000008baefa98) 
thrown [s\open\src\hotspot\share\prims\jni.cpp, line 535]
Event: 27.804 Thread 0x0000027f47e72420 Exception <a 'java/net/SocketException'{0x000000008baefdd0}: Socket is not connected: shutdown> (0x000000008baefdd0) 
thrown [s\open\src\hotspot\share\prims\jni.cpp, line 535]
Event: 27.805 Thread 0x0000027f47e72420 Exception <a 'java/net/ConnectException'{0x000000008baf0630}: Connection refused: no further information> (0x000000008baf0630) 
thrown [s\open\src\hotspot\share\prims\jni.cpp, line 535]
Event: 27.805 Thread 0x0000027f47e72420 Exception <a 'java/net/SocketException'{0x000000008baf0968}: Socket is not connected: shutdown> (0x000000008baf0968) 
thrown [s\open\src\hotspot\share\prims\jni.cpp, line 535]
Event: 27.805 Thread 0x0000027f47e72420 Exception <a 'java/net/ConnectException'{0x000000008baf11c8}: Connection refused: no further information> (0x000000008baf11c8) 
thrown [s\open\src\hotspot\share\prims\jni.cpp, line 535]
Event: 27.805 Thread 0x0000027f47e72420 Exception <a 'java/net/SocketException'{0x000000008baf1500}: Socket is not connected: shutdown> (0x000000008baf1500) 
thrown [s\open\src\hotspot\share\prims\jni.cpp, line 535]
Event: 27.826 Thread 0x0000027f47e72420 Exception <a 'java/net/ConnectException'{0x000000008baf1d60}: Connection refused: no further information> (0x000000008baf1d60) 
thrown [s\open\src\hotspot\share\prims\jni.cpp, line 535]
Event: 27.826 Thread 0x0000027f47e72420 Exception <a 'java/net/SocketException'{0x000000008baf2098}: Socket is not connected: shutdown> (0x000000008baf2098) 
thrown [s\open\src\hotspot\share\prims\jni.cpp, line 535]
Event: 30.012 Thread 0x0000027f471f4060 Exception <a 'java/io/IOException'{0x000000008bd5ddb8}> (0x000000008bd5ddb8) 
thrown [s\open\src\hotspot\share\prims\jni.cpp, line 516]
Event: 30.015 Thread 0x0000027f471f4060 Exception <a 'java/net/ConnectException'{0x000000008bd5e990}: Connection refused: no further information> (0x000000008bd5e990) 
thrown [s\open\src\hotspot\share\prims\jni.cpp, line 535]
Event: 30.015 Thread 0x0000027f471f4060 Exception <a 'java/net/SocketException'{0x000000008bd5ecc8}: Socket is not connected: shutdown> (0x000000008bd5ecc8) 
thrown [s\open\src\hotspot\share\prims\jni.cpp, line 535]
Event: 30.056 Thread 0x0000027f47e71f10 Exception <a 'java/lang/reflect/InvocationTargetException'{0x000000008bdba268}> (0x000000008bdba268) 
thrown [s\open\src\hotspot\share\runtime\reflection.cpp, line 1121]
Event: 30.180 Thread 0x0000027f47e71f10 Implicit null exception at 0x0000027f719d54ea to 0x0000027f719d5694

VM Operations (20 events):
Event: 4.687 Executing VM operation: HandshakeAllThreads
Event: 4.687 Executing VM operation: HandshakeAllThreads done
Event: 4.804 Executing VM operation: G1CollectForAllocation
Event: 4.817 Executing VM operation: G1CollectForAllocation done
Event: 5.825 Executing VM operation: Cleanup
Event: 5.826 Executing VM operation: Cleanup done
Event: 6.830 Executing VM operation: Cleanup
Event: 6.830 Executing VM operation: Cleanup done
Event: 8.854 Executing VM operation: Cleanup
Event: 8.855 Executing VM operation: Cleanup done
Event: 24.960 Executing VM operation: Cleanup
Event: 24.960 Executing VM operation: Cleanup done
Event: 25.975 Executing VM operation: Cleanup
Event: 25.994 Executing VM operation: Cleanup done
Event: 27.005 Executing VM operation: Cleanup
Event: 27.005 Executing VM operation: Cleanup done
Event: 28.015 Executing VM operation: Cleanup
Event: 28.016 Executing VM operation: Cleanup done
Event: 30.041 Executing VM operation: Cleanup
Event: 30.042 Executing VM operation: Cleanup done

Events (20 events):
Event: 27.479 loading class sun/net/ConnectionResetException
Event: 27.479 loading class sun/net/ConnectionResetException done
Event: 27.519 Thread 0x0000027f47e72420 Thread exited: 0x0000027f47e72420
Event: 27.520 Thread 0x0000027f47e72e40 Thread exited: 0x0000027f47e72e40
Event: 27.521 Thread 0x0000027f47e70ad0 Thread exited: 0x0000027f47e70ad0
Event: 27.591 Thread 0x0000027f471fa5a0 Thread added: 0x0000027f471fa5a0
Event: 27.748 Thread 0x0000027f471fa5a0 Thread exited: 0x0000027f471fa5a0
Event: 27.761 Thread 0x0000027f471fa5a0 Thread added: 0x0000027f471fa5a0
Event: 27.773 Thread 0x0000027f47e70ad0 Thread added: 0x0000027f47e70ad0
Event: 27.773 Thread 0x0000027f47e72420 Thread added: 0x0000027f47e72420
Event: 27.773 Thread 0x0000027f47e72930 Thread added: 0x0000027f47e72930
Event: 27.832 Thread 0x0000027f47e72e40 Thread added: 0x0000027f47e72e40
Event: 27.836 Thread 0x0000027f46279050 Thread added: 0x0000027f46279050
Event: 27.837 Thread 0x0000027f4627a490 Thread added: 0x0000027f4627a490
Event: 27.837 Thread 0x0000027f46279f80 Thread added: 0x0000027f46279f80
Event: 30.015 loading class sun/net/www/protocol/http/HttpURLConnection$10
Event: 30.016 loading class sun/net/www/protocol/http/HttpURLConnection$10 done
Event: 30.041 Thread 0x0000027f471f8740 Thread exited: 0x0000027f471f8740
Event: 30.050 Thread 0x0000027f471f54a0 Thread exited: 0x0000027f471f54a0
Event: 30.050 Thread 0x0000027f471fa090 Thread exited: 0x0000027f471fa090


Dynamic libraries:
0x00007ff751280000 - 0x00007ff751290000 	C:\Users\bussu\Downloads\jdk-17.0.11_windows-x64_bin\jdk-17.0.11\bin\javaw.exe
0x00007ff8dedc0000 - 0x00007ff8df028000 	C:\WINDOWS\SYSTEM32\ntdll.dll
0x00007ff8dd830000 - 0x00007ff8dd8f9000 	C:\WINDOWS\System32\KERNEL32.DLL
0x00007ff8db6a0000 - 0x00007ff8dba91000 	C:\WINDOWS\System32\KERNELBASE.dll
0x00007ff8dc930000 - 0x00007ff8dca7b000 	C:\WINDOWS\System32\ucrtbase.dll
0x00007ff8d3420000 - 0x00007ff8d3439000 	C:\Users\bussu\Downloads\jdk-17.0.11_windows-x64_bin\jdk-17.0.11\bin\jli.dll
0x00007ff8dcea0000 - 0x00007ff8dcf54000 	C:\WINDOWS\System32\ADVAPI32.dll
0x00007ff8decd0000 - 0x00007ff8ded79000 	C:\WINDOWS\System32\msvcrt.dll
0x00007ff8dd0d0000 - 0x00007ff8dd176000 	C:\WINDOWS\System32\sechost.dll
0x00007ff8dd6c0000 - 0x00007ff8dd7d8000 	C:\WINDOWS\System32\RPCRT4.dll
0x00007ff8dcb60000 - 0x00007ff8dcd26000 	C:\WINDOWS\System32\USER32.dll
0x00007ff8dca80000 - 0x00007ff8dcaa7000 	C:\WINDOWS\System32\win32u.dll
0x00007ff8dcd30000 - 0x00007ff8dcd5b000 	C:\WINDOWS\System32\GDI32.dll
0x00007ff8dbce0000 - 0x00007ff8dbe0b000 	C:\WINDOWS\System32\gdi32full.dll
0x00007ff8dc880000 - 0x00007ff8dc923000 	C:\WINDOWS\System32\msvcp_win.dll
0x00007ff8c61c0000 - 0x00007ff8c61db000 	C:\Users\bussu\Downloads\jdk-17.0.11_windows-x64_bin\jdk-17.0.11\bin\VCRUNTIME140.dll
0x00007ff8be030000 - 0x00007ff8be2c3000 	C:\WINDOWS\WinSxS\amd64_microsoft.windows.common-controls_6595b64144ccf1df_6.0.26100.7824_none_3e0870b2e3345462\COMCTL32.dll
0x00007ff8c6910000 - 0x00007ff8c691b000 	C:\WINDOWS\SYSTEM32\VERSION.dll
0x00007ff8dd7f0000 - 0x00007ff8dd821000 	C:\WINDOWS\System32\IMM32.DLL
0x00007ff8d6520000 - 0x00007ff8d652c000 	C:\Users\bussu\Downloads\jdk-17.0.11_windows-x64_bin\jdk-17.0.11\bin\vcruntime140_1.dll
0x00007ff8c6130000 - 0x00007ff8c61be000 	C:\Users\bussu\Downloads\jdk-17.0.11_windows-x64_bin\jdk-17.0.11\bin\msvcp140.dll
0x00007ff836460000 - 0x00007ff837040000 	C:\Users\bussu\Downloads\jdk-17.0.11_windows-x64_bin\jdk-17.0.11\bin\server\jvm.dll
0x00007ff8dd5a0000 - 0x00007ff8dd5a8000 	C:\WINDOWS\System32\PSAPI.DLL
0x00007ff8d66d0000 - 0x00007ff8d6705000 	C:\WINDOWS\SYSTEM32\WINMM.dll
0x00007ff8d6500000 - 0x00007ff8d650a000 	C:\WINDOWS\SYSTEM32\WSOCK32.dll
0x00007ff8dec50000 - 0x00007ff8decc4000 	C:\WINDOWS\System32\WS2_32.dll
0x00007ff8da440000 - 0x00007ff8da45b000 	C:\WINDOWS\SYSTEM32\kernel.appcore.dll
0x00007ff8d3410000 - 0x00007ff8d341a000 	C:\Users\bussu\Downloads\jdk-17.0.11_windows-x64_bin\jdk-17.0.11\bin\jimage.dll
0x00007ff8d9540000 - 0x00007ff8d9782000 	C:\WINDOWS\SYSTEM32\DBGHELP.DLL
0x00007ff8dd210000 - 0x00007ff8dd596000 	C:\WINDOWS\System32\combase.dll
0x00007ff8dd5b0000 - 0x00007ff8dd687000 	C:\WINDOWS\System32\OLEAUT32.dll
0x00007ff8b9cf0000 - 0x00007ff8b9d2b000 	C:\WINDOWS\SYSTEM32\dbgcore.DLL
0x00007ff8dcab0000 - 0x00007ff8dcb55000 	C:\WINDOWS\System32\bcryptPrimitives.dll
0x00007ff8c6100000 - 0x00007ff8c6125000 	C:\Users\bussu\Downloads\jdk-17.0.11_windows-x64_bin\jdk-17.0.11\bin\java.dll
0x00007ff8afb60000 - 0x00007ff8afc37000 	C:\Users\bussu\Downloads\jdk-17.0.11_windows-x64_bin\jdk-17.0.11\bin\jsvml.dll
0x00007ff8de4f0000 - 0x00007ff8dec42000 	C:\WINDOWS\System32\SHELL32.dll
0x00007ff8dc680000 - 0x00007ff8dc7ea000 	C:\WINDOWS\System32\wintypes.dll
0x00007ff8dbe10000 - 0x00007ff8dc673000 	C:\WINDOWS\System32\windows.storage.dll
0x00007ff8de3f0000 - 0x00007ff8de4e6000 	C:\WINDOWS\System32\SHCORE.dll
0x00007ff8de300000 - 0x00007ff8de367000 	C:\WINDOWS\System32\shlwapi.dll
0x00007ff8db5c0000 - 0x00007ff8db5e9000 	C:\WINDOWS\SYSTEM32\profapi.dll
0x00007ff8c60e0000 - 0x00007ff8c60f9000 	C:\Users\bussu\Downloads\jdk-17.0.11_windows-x64_bin\jdk-17.0.11\bin\net.dll
0x00007ff8d46b0000 - 0x00007ff8d47d7000 	C:\WINDOWS\SYSTEM32\WINHTTP.dll
0x00007ff8da9b0000 - 0x00007ff8daa1b000 	C:\WINDOWS\system32\mswsock.dll
0x00007ff8c4f90000 - 0x00007ff8c4fa6000 	C:\Users\bussu\Downloads\jdk-17.0.11_windows-x64_bin\jdk-17.0.11\bin\nio.dll
0x00007ff8c12c0000 - 0x00007ff8c12d8000 	C:\Users\bussu\Downloads\jdk-17.0.11_windows-x64_bin\jdk-17.0.11\bin\zip.dll
0x00007ff8d9f50000 - 0x00007ff8da07c000 	C:\WINDOWS\SYSTEM32\DNSAPI.dll
0x00007ff8d9eb0000 - 0x00007ff8d9ee4000 	C:\WINDOWS\SYSTEM32\IPHLPAPI.DLL
0x00007ff8dd7e0000 - 0x00007ff8dd7ea000 	C:\WINDOWS\System32\NSI.dll
0x00007ff8ca5d0000 - 0x00007ff8ca5db000 	C:\Windows\System32\rasadhlp.dll
0x00007ff8d5dc0000 - 0x00007ff8d5e46000 	C:\WINDOWS\System32\fwpuclnt.dll
0x00007ff8dac80000 - 0x00007ff8dac9b000 	C:\WINDOWS\SYSTEM32\CRYPTSP.dll
0x00007ff8da3a0000 - 0x00007ff8da3d9000 	C:\WINDOWS\system32\rsaenh.dll
0x00007ff8daa60000 - 0x00007ff8daa8b000 	C:\WINDOWS\SYSTEM32\USERENV.dll
0x00007ff8db590000 - 0x00007ff8db5ba000 	C:\WINDOWS\SYSTEM32\bcrypt.dll
0x00007ff8daca0000 - 0x00007ff8dacac000 	C:\WINDOWS\SYSTEM32\CRYPTBASE.dll
0x00007ff8d5780000 - 0x00007ff8d579e000 	C:\WINDOWS\SYSTEM32\dhcpcsvc6.DLL
0x00007ff8d5460000 - 0x00007ff8d5483000 	C:\WINDOWS\SYSTEM32\dhcpcsvc.DLL
0x00007ff8c5ee0000 - 0x00007ff8c5eee000 	C:\Users\bussu\Downloads\jdk-17.0.11_windows-x64_bin\jdk-17.0.11\bin\sunmscapi.dll
0x00007ff8dbaa0000 - 0x00007ff8dbc17000 	C:\WINDOWS\System32\CRYPT32.dll
0x00007ff8daea0000 - 0x00007ff8daed0000 	C:\WINDOWS\SYSTEM32\ncrypt.dll
0x00007ff8dae50000 - 0x00007ff8dae8f000 	C:\WINDOWS\SYSTEM32\NTASN1.dll
0x00007ff8c7190000 - 0x00007ff8c7198000 	C:\WINDOWS\system32\wshunix.dll
0x00007ff8ad680000 - 0x00007ff8ad698000 	C:\WINDOWS\system32\napinsp.dll
0x00007ff8ad660000 - 0x00007ff8ad672000 	C:\WINDOWS\System32\winrnr.dll
0x00007ff8ad630000 - 0x00007ff8ad652000 	C:\WINDOWS\system32\nlansp_c.dll
0x00007ff8ad610000 - 0x00007ff8ad626000 	C:\WINDOWS\system32\wshbth.dll

dbghelp: loaded successfully - version: 4.0.5 - missing functions: none
symbol engine: initialized successfully - sym options: 0x614 - pdb path: .;C:\Users\bussu\Downloads\jdk-17.0.11_windows-x64_bin\jdk-17.0.11\bin;C:\WINDOWS\SYSTEM32;C:\WINDOWS\WinSxS\amd64_microsoft.windows.common-controls_6595b64144ccf1df_6.0.26100.7824_none_3e0870b2e3345462;C:\Users\bussu\Downloads\jdk-17.0.11_windows-x64_bin\jdk-17.0.11\bin\server

VM Arguments:
jvm_args: -ea -Dfile.encoding=UTF-8 -Dstdout.encoding=UTF-8 -Dstderr.encoding=UTF-8 -XX:+ShowCodeDetailsInExceptionMessages 
java_command: org.testng.remote.RemoteTestNG -serport 51480 -protocol json -d D:\AutomationTesting\ComcastCRMGUIFramework\test-output D:\AutomationTesting\ComcastCRMGUIFramework\parallelcross.xml
java_class_path (initial): D:\jee-2025-063\eclipse\configuration\org.eclipse.osgi\1008\0\.cp\lib\testng-remote.jar;D:\AutomationTesting\ComcastCRMGUIFramework\target\test-classes;D:\AutomationTesting\ComcastCRMGUIFramework\target\classes;C:\Users\bussu\.m2\repository\org\seleniumhq\selenium\selenium-java\4.40.0\selenium-java-4.40.0.jar;C:\Users\bussu\.m2\repository\org\seleniumhq\selenium\selenium-api\4.40.0\selenium-api-4.40.0.jar;C:\Users\bussu\.m2\repository\org\jspecify\jspecify\1.0.0\jspecify-1.0.0.jar;C:\Users\bussu\.m2\repository\org\seleniumhq\selenium\selenium-chrome-driver\4.40.0\selenium-chrome-driver-4.40.0.jar;C:\Users\bussu\.m2\repository\com\google\auto\service\auto-service-annotations\1.1.1\auto-service-annotations-1.1.1.jar;C:\Users\bussu\.m2\repository\org\seleniumhq\selenium\selenium-chromium-driver\4.40.0\selenium-chromium-driver-4.40.0.jar;C:\Users\bussu\.m2\repository\org\seleniumhq\selenium\selenium-json\4.40.0\selenium-json-4.40.0.jar;C:\Users\bussu\.m2\repository\org\seleniumhq\selenium\selenium-manager\4.40.0\selenium-manager-4.40.0.jar;C:\Users\bussu\.m2\repository\org\seleniumhq\selenium\selenium-devtools-v142\4.40.0\selenium-devtools-v142-4.40.0.jar;C:\Users\bussu\.m2\repository\org\seleniumhq\selenium\selenium-devtools-v143\4.40.0\selenium-devtools-v143-4.40.0.jar;C:\Users\bussu\.m2\repository\org\seleniumhq\selenium\selenium-devtools-v144\4.40.0\selenium-devtools-v144-4.40.0.jar;C:\Users\bussu\.m2\repository\org\seleniumhq\selenium\selenium-edge-driver\4.40.0\selenium-edge-driver-4.40.0.jar;C:\Users\bussu\.m2\repository\org\seleniumhq\selenium\selenium-firefox-driver\4.40.0\selenium-firefox-driver-4.40.0.jar;C:\Users\bussu\.m2\repository\org\seleniumhq\selenium\selenium-http\4.40.0\selenium-http-4.40.0.jar;C:\Users\bussu\.m2\repository\org\seleniumhq\selenium\selenium-ie-driver\4.40.0\selenium-ie-driver-4.40.0.jar;C:\Users\bussu\.m2\repository\org\seleniumhq\selenium\selenium-remote-driver\4.40.0\selenium-remote-driver-4.40.0.jar;C:\
Launcher Type: SUN_STANDARD

[Global flags]
     intx CICompilerCount                          = 4                                         {product} {ergonomic}
     uint ConcGCThreads                            = 3                                         {product} {ergonomic}
     uint G1ConcRefinementThreads                  = 10                                        {product} {ergonomic}
   size_t G1HeapRegionSize                         = 1048576                                   {product} {ergonomic}
    uintx GCDrainStackTargetSize                   = 64                                        {product} {ergonomic}
   size_t InitialHeapSize                          = 130023424                                 {product} {ergonomic}
   size_t MarkStackSize                            = 4194304                                   {product} {ergonomic}
   size_t MaxHeapSize                              = 2065694720                                {product} {ergonomic}
   size_t MaxNewSize                               = 1239416832                                {product} {ergonomic}
   size_t MinHeapDeltaBytes                        = 1048576                                   {product} {ergonomic}
   size_t MinHeapSize                              = 8388608                                   {product} {ergonomic}
    uintx NonNMethodCodeHeapSize                   = 5839372                                {pd product} {ergonomic}
    uintx NonProfiledCodeHeapSize                  = 122909434                              {pd product} {ergonomic}
    uintx ProfiledCodeHeapSize                     = 122909434                              {pd product} {ergonomic}
    uintx ReservedCodeCacheSize                    = 251658240                              {pd product} {ergonomic}
     bool SegmentedCodeCache                       = true                                      {product} {ergonomic}
     bool ShowCodeDetailsInExceptionMessages       = true                                   {manageable} {command line}
   size_t SoftMaxHeapSize                          = 2065694720                             {manageable} {ergonomic}
     bool UseCompressedClassPointers               = true                           {product lp64_product} {ergonomic}
     bool UseCompressedOops                        = true                           {product lp64_product} {ergonomic}
     bool UseG1GC                                  = true                                      {product} {ergonomic}
     bool UseLargePagesIndividualAllocation        = false                                  {pd product} {ergonomic}

Logging:
Log output configuration:
 #0: stdout all=warning uptime,level,tags
 #1: stderr all=off uptime,level,tags

Environment Variables:
JAVA_HOME=C:\Users\bussu\Downloads\jdk-17.0.11_windows-x64_bin\jdk-17.0.11
PATH=C:/Users/bussu/.p2/pool/plugins/org.eclipse.justj.openjdk.hotspot.jre.full.win32.x86_64_21.0.8.v20250724-1412/jre/bin/server;C:/Users/bussu/.p2/pool/plugins/org.eclipse.justj.openjdk.hotspot.jre.full.win32.x86_64_21.0.8.v20250724-1412/jre/bin;C:\WINDOWS\System32;C:\Users\bussu\AppData\Local\Programs\Microsoft VS Code\bin;C:\Program Files\Java\jdk-1.8\bin;C:\Program Files\Java\jre-1.8\bin;C:\Users\bussu\Downloads\apache-maven-3.9.12-bin.zip\apache-maven-3.9.12\bin;C:\Users\bussu\Downloads\apache-maven-3.9.12-bin\apache-maven-3.9.12\bin;C:\Users\bussu\Downloads\jdk-17.0.11_windows-x64_bin\jdk-17.0.11\bin;;D:\jee-2025-063\eclipse;
USERNAME=bussu
OS=Windows_NT
PROCESSOR_IDENTIFIER=Intel64 Family 6 Model 154 Stepping 4, GenuineIntel



---------------  S Y S T E M  ---------------

OS:
 Windows 11 , 64 bit Build 26100 (10.0.26100.7705)
OS uptime: 0 days 2:32 hours

CPU: total 12 (initial active 12) (6 cores per cpu, 2 threads per core) family 6 model 154 stepping 4 microcode 0x437, cx8, cmov, fxsr, ht, mmx, 3dnowpref, sse, sse2, sse3, ssse3, sse4.1, sse4.2, popcnt, lzcnt, tsc, tscinvbit, avx, avx2, aes, erms, clmul, bmi1, bmi2, adx, sha, fma, vzeroupper, clflush, clflushopt, clwb

Memory: 4k page, system-wide physical 7876M (1200M free)
TotalPageFile size 16510M (AvailPageFile size 0M)
current process WorkingSet (physical memory assigned to process): 127M, peak: 137M
current process commit charge ("private bytes"): 253M, peak: 264M

vm_info: Java HotSpot(TM) 64-Bit Server VM (17.0.11+7-LTS-207) for windows-amd64 JRE (17.0.11+7-LTS-207), built on Mar 11 2024 19:01:50 by "mach5one" with MS VC++ 17.6 (VS2022)

END.
